
> costintel-dashboard@1.0.0 dev
> next dev -p 3000

  ▲ Next.js 14.2.3
  - Local:        http://localhost:3000

 ✓ Starting...
 ✓ Ready in 1384ms
 ○ Compiling / ...
 ✓ Compiled / in 1898ms (1253 modules)
 GET / 200 in 2044ms
 ✓ Compiled in 108ms (630 modules)
 ✓ Compiled /actions in 164ms (1246 modules)
 ✓ Compiled /audit in 131ms (1260 modules)
 ✓ Compiled /sla in 130ms (1272 modules)
 ✓ Compiled /anomalies in 120ms (1284 modules)
 ✓ Compiled in 387ms (1298 modules)
 ✓ Compiled in 98ms (1298 modules)
 ✓ Compiled in 175ms (1298 modules)
 ⨯ ./src/app/page.tsx
Error: 
  [31mx[0m Unexpected token `div`. Expected jsx identifier
     ,-[[36;1;4m/Users/adarsh/Desktop/ethlnm/dashboard/src/app/page.tsx[0m:175:1]
 [2m175[0m |   const penalty = (apiData?.penalty_at_risk_inr || 4775000) / 100000;
 [2m176[0m |   
 [2m177[0m |   return (
 [2m178[0m |     <div className="flex flex-col min-h-screen bg-[#020617] text-slate-50">
     : [31;1m     ^^^[0m
 [2m179[0m |       <TopNav />
 [2m180[0m |       <main className="flex-1 container mx-auto px-4 py-8">
 [2m181[0m |         <motion.div initial={{ opacity: 0, y: 10 }} animate={{ opacity: 1, y: 0 }} className="mb-8">
     `----

Caused by:
    Syntax Error

Import trace for requested module:
./src/app/page.tsx
 ⨯ ./src/app/page.tsx
Error: 
  [31mx[0m Unexpected token `div`. Expected jsx identifier
     ,-[[36;1;4m/Users/adarsh/Desktop/ethlnm/dashboard/src/app/page.tsx[0m:175:1]
 [2m175[0m |   const penalty = (apiData?.penalty_at_risk_inr || 4775000) / 100000;
 [2m176[0m |   
 [2m177[0m |   return (
 [2m178[0m |     <div className="flex flex-col min-h-screen bg-[#020617] text-slate-50">
     : [31;1m     ^^^[0m
 [2m179[0m |       <TopNav />
 [2m180[0m |       <main className="flex-1 container mx-auto px-4 py-8">
 [2m181[0m |         <motion.div initial={{ opacity: 0, y: 10 }} animate={{ opacity: 1, y: 0 }} className="mb-8">
     `----

Caused by:
    Syntax Error

Import trace for requested module:
./src/app/page.tsx
 GET / 500 in 2ms
 ○ Compiling /_error ...
 ✓ Compiled /_not-found in 457ms (1515 modules)
 ⚠ Fast Refresh had to perform a full reload. Read more: https://nextjs.org/docs/messages/fast-refresh-reload
 GET / 200 in 48ms
 GET /_next/static/webpack/ce67a97dfd0b6c7e.webpack.hot-update.json 404 in 534ms
 GET / 200 in 11ms
 GET / 200 in 18ms
 GET / 200 in 35ms
 GET / 200 in 21ms
 GET / 200 in 30ms
 GET / 200 in 17ms
 GET / 200 in 14ms
 GET / 200 in 18ms
 GET / 200 in 36ms
 GET / 200 in 32ms
 ✓ Compiled in 355ms (1524 modules)
 GET / 200 in 108ms
 ✓ Compiled in 190ms (1510 modules)
 ✓ Compiled in 73ms (837 modules)
 ✓ Compiled in 213ms (1510 modules)
 ✓ Compiled in 104ms (837 modules)
 ✓ Compiled in 135ms (1510 modules)
 ✓ Compiled in 109ms (837 modules)
 ✓ Compiled in 116ms (1510 modules)
 ✓ Compiled in 52ms (837 modules)
 ✓ Compiled in 86ms (1510 modules)
 ✓ Compiled in 95ms (837 modules)
 ✓ Compiled in 82ms (1510 modules)
 ✓ Compiled in 274ms (1524 modules)
 ✓ Compiled in 154ms (1524 modules)
 ✓ Compiled in 129ms (1524 modules)
 ✓ Compiled in 178ms (1524 modules)
 ✓ Compiled in 93ms (1524 modules)
 ✓ Compiled in 245ms (1510 modules)
   Reload env: .env
 ✓ Compiled in 127ms (1510 modules)
 ✓ Compiled /_not-found in 96ms (1513 modules)
 GET /audit 404 in 50ms
 GET /_next/static/css/app/layout.css?v=1774422939136 404 in 22ms
 GET /_next/static/chunks/main-app.js?v=1774422939136 404 in 21ms
 GET /_next/static/chunks/app-pages-internals.js 404 in 21ms
   Reload env: .env
<w> [webpack.cache.PackFileCacheStrategy] Restoring pack from /Users/adarsh/Desktop/ethlnm/dashboard/.next/cache/webpack/client-development.pack.gz failed: TypeError: Cannot read properties of undefined (reading 'hasStartTime')
 ✓ Compiled in 198ms (1510 modules)
 ✓ Compiled in 153ms (837 modules)
 ✓ Compiled in 145ms (837 modules)
 ✓ Compiled in 188ms (837 modules)
 ✓ Compiled in 150ms (837 modules)
 ✓ Compiled in 258ms (837 modules)
 ✓ Compiled in 69ms (837 modules)
 ✓ Compiled in 61ms (837 modules)
 ⨯ Module not found: Error: Can't resolve 'next-flight-client-entry-loader' in '/Users/adarsh/Desktop/ethlnm/dashboard'
Error: ENOENT: no such file or directory, scandir '/Users/adarsh/Desktop/ethlnm/dashboard/src/app'
    at async Object.readdir (node:internal/fs/promises:953:18)
    at async /Users/adarsh/Desktop/ethlnm/dashboard/node_modules/next/dist/lib/recursive-readdir.js:39:29
    at async Promise.all (index 0)
    at async recursiveReadDir (/Users/adarsh/Desktop/ethlnm/dashboard/node_modules/next/dist/lib/recursive-readdir.js:32:25)
    at async /Users/adarsh/Desktop/ethlnm/dashboard/node_modules/next/dist/server/future/route-matcher-providers/dev/helpers/file-reader/batched-file-reader.js:71:25
    at async Promise.all (index 0)
    at async BatchedFileReader.load (/Users/adarsh/Desktop/ethlnm/dashboard/node_modules/next/dist/server/future/route-matcher-providers/dev/helpers/file-reader/batched-file-reader.js:67:25)
    at async /Users/adarsh/Desktop/ethlnm/dashboard/node_modules/next/dist/server/future/route-matcher-providers/dev/helpers/file-reader/batched-file-reader.js:41:26 {
  errno: -2,
  code: 'ENOENT',
  syscall: 'scandir',
  path: '/Users/adarsh/Desktop/ethlnm/dashboard/src/app'
}
 ⨯ unhandledRejection: Error: ENOENT: no such file or directory, scandir '/Users/adarsh/Desktop/ethlnm/dashboard/src/app'
    at async Object.readdir (node:internal/fs/promises:953:18)
    at async /Users/adarsh/Desktop/ethlnm/dashboard/node_modules/next/dist/lib/recursive-readdir.js:39:29
    at async Promise.all (index 0)
    at async recursiveReadDir (/Users/adarsh/Desktop/ethlnm/dashboard/node_modules/next/dist/lib/recursive-readdir.js:32:25)
    at async /Users/adarsh/Desktop/ethlnm/dashboard/node_modules/next/dist/server/future/route-matcher-providers/dev/helpers/file-reader/batched-file-reader.js:71:25
    at async Promise.all (index 0)
    at async BatchedFileReader.load (/Users/adarsh/Desktop/ethlnm/dashboard/node_modules/next/dist/server/future/route-matcher-providers/dev/helpers/file-reader/batched-file-reader.js:67:25)
    at async /Users/adarsh/Desktop/ethlnm/dashboard/node_modules/next/dist/server/future/route-matcher-providers/dev/helpers/file-reader/batched-file-reader.js:41:26 {
  errno: -2,
  code: 'ENOENT',
  syscall: 'scandir',
  path: '/Users/adarsh/Desktop/ethlnm/dashboard/src/app'
}
 ⨯ unhandledRejection: Error: ENOENT: no such file or directory, scandir '/Users/adarsh/Desktop/ethlnm/dashboard/src/app'
    at async Object.readdir (node:internal/fs/promises:953:18)
    at async /Users/adarsh/Desktop/ethlnm/dashboard/node_modules/next/dist/lib/recursive-readdir.js:39:29
    at async Promise.all (index 0)
    at async recursiveReadDir (/Users/adarsh/Desktop/ethlnm/dashboard/node_modules/next/dist/lib/recursive-readdir.js:32:25)
    at async /Users/adarsh/Desktop/ethlnm/dashboard/node_modules/next/dist/server/future/route-matcher-providers/dev/helpers/file-reader/batched-file-reader.js:71:25
    at async Promise.all (index 0)
    at async BatchedFileReader.load (/Users/adarsh/Desktop/ethlnm/dashboard/node_modules/next/dist/server/future/route-matcher-providers/dev/helpers/file-reader/batched-file-reader.js:67:25)
    at async /Users/adarsh/Desktop/ethlnm/dashboard/node_modules/next/dist/server/future/route-matcher-providers/dev/helpers/file-reader/batched-file-reader.js:41:26 {
  errno: -2,
  code: 'ENOENT',
  syscall: 'scandir',
  path: '/Users/adarsh/Desktop/ethlnm/dashboard/src/app'
}
 ⨯ Module not found: Error: Can't resolve 'next-flight-client-entry-loader' in '/Users/adarsh/Desktop/ethlnm/dashboard'
Error: ENOENT: no such file or directory, scandir '/Users/adarsh/Desktop/ethlnm/dashboard/src/app'
    at async Object.readdir (node:internal/fs/promises:953:18)
    at async /Users/adarsh/Desktop/ethlnm/dashboard/node_modules/next/dist/lib/recursive-readdir.js:39:29
    at async Promise.all (index 0)
    at async recursiveReadDir (/Users/adarsh/Desktop/ethlnm/dashboard/node_modules/next/dist/lib/recursive-readdir.js:32:25)
    at async /Users/adarsh/Desktop/ethlnm/dashboard/node_modules/next/dist/server/future/route-matcher-providers/dev/helpers/file-reader/batched-file-reader.js:71:25
    at async Promise.all (index 0)
    at async BatchedFileReader.load (/Users/adarsh/Desktop/ethlnm/dashboard/node_modules/next/dist/server/future/route-matcher-providers/dev/helpers/file-reader/batched-file-reader.js:67:25)
    at async /Users/adarsh/Desktop/ethlnm/dashboard/node_modules/next/dist/server/future/route-matcher-providers/dev/helpers/file-reader/batched-file-reader.js:41:26 {
  errno: -2,
  code: 'ENOENT',
  syscall: 'scandir',
  path: '/Users/adarsh/Desktop/ethlnm/dashboard/src/app'
}
 ⨯ unhandledRejection: Error: ENOENT: no such file or directory, scandir '/Users/adarsh/Desktop/ethlnm/dashboard/src/app'
    at async Object.readdir (node:internal/fs/promises:953:18)
    at async /Users/adarsh/Desktop/ethlnm/dashboard/node_modules/next/dist/lib/recursive-readdir.js:39:29
    at async Promise.all (index 0)
    at async recursiveReadDir (/Users/adarsh/Desktop/ethlnm/dashboard/node_modules/next/dist/lib/recursive-readdir.js:32:25)
    at async /Users/adarsh/Desktop/ethlnm/dashboard/node_modules/next/dist/server/future/route-matcher-providers/dev/helpers/file-reader/batched-file-reader.js:71:25
    at async Promise.all (index 0)
    at async BatchedFileReader.load (/Users/adarsh/Desktop/ethlnm/dashboard/node_modules/next/dist/server/future/route-matcher-providers/dev/helpers/file-reader/batched-file-reader.js:67:25)
    at async /Users/adarsh/Desktop/ethlnm/dashboard/node_modules/next/dist/server/future/route-matcher-providers/dev/helpers/file-reader/batched-file-reader.js:41:26 {
  errno: -2,
  code: 'ENOENT',
  syscall: 'scandir',
  path: '/Users/adarsh/Desktop/ethlnm/dashboard/src/app'
}
 ⨯ unhandledRejection: Error: ENOENT: no such file or directory, scandir '/Users/adarsh/Desktop/ethlnm/dashboard/src/app'
    at async Object.readdir (node:internal/fs/promises:953:18)
    at async /Users/adarsh/Desktop/ethlnm/dashboard/node_modules/next/dist/lib/recursive-readdir.js:39:29
    at async Promise.all (index 0)
    at async recursiveReadDir (/Users/adarsh/Desktop/ethlnm/dashboard/node_modules/next/dist/lib/recursive-readdir.js:32:25)
    at async /Users/adarsh/Desktop/ethlnm/dashboard/node_modules/next/dist/server/future/route-matcher-providers/dev/helpers/file-reader/batched-file-reader.js:71:25
    at async Promise.all (index 0)
    at async BatchedFileReader.load (/Users/adarsh/Desktop/ethlnm/dashboard/node_modules/next/dist/server/future/route-matcher-providers/dev/helpers/file-reader/batched-file-reader.js:67:25)
    at async /Users/adarsh/Desktop/ethlnm/dashboard/node_modules/next/dist/server/future/route-matcher-providers/dev/helpers/file-reader/batched-file-reader.js:41:26 {
  errno: -2,
  code: 'ENOENT',
  syscall: 'scandir',
  path: '/Users/adarsh/Desktop/ethlnm/dashboard/src/app'
}
